Arguments: 
  C:\Program Files\nodejs\node.exe C:\Users\MyPC\AppData\Roaming\npm\node_modules\yarn\bin\yarn.js add webpack wabpack-cli --dev

PATH: 
  C:\Program Files\Common Files\Oracle\Java\javapath;C:\Program Files (x86)\Common Files\Oracle\Java\javapath;C:\Program Files\ImageMagick-7.0.1-Q16;C:\windows\system32;C:\windows;C:\windows\System32\Wbem;C:\windows\System32\WindowsPowerShell\v1.0\;C:\Program Files\Git\cmd;C:\Program Files\Java\jdk1.8.0_201\bin;C:\Program Files\Java\jdk1.8.0_201\jre\bin;D:\worksoft\mysql-5.7.28-winx64\bin;D:\worksoft\apache-maven-3.5.2\bin;C:\Program Files\TortoiseSVN\bin;D:\worksoft\Microsoft VS Code\bin;C:\Program Files\nodejs\;C:\Users\MyPC\AppData\Local\Programs\Python\Python38\Scripts\;C:\Users\MyPC\AppData\Local\Programs\Python\Python38\;C:\Users\MyPC\AppData\Local\Microsoft\WindowsApps;D:\worksoft\mysql-5.7.28-winx64\bin;D:\worksoft\apache-maven-3.5.2\bin;C:\Users\MyPC\AppData\Roaming\npm

Yarn version: 
  1.22.19

Node version: 
  18.15.0

Platform: 
  win32 x64

Trace: 
  Error: https://registry.npmjs.org/wabpack-cli: Not found
      at params.callback [as _callback] (C:\Users\MyPC\AppData\Roaming\npm\node_modules\yarn\lib\cli.js:66145:18)
      at self.callback (C:\Users\MyPC\AppData\Roaming\npm\node_modules\yarn\lib\cli.js:140890:22)
      at Request.emit (node:events:513:28)
      at Request.<anonymous> (C:\Users\MyPC\AppData\Roaming\npm\node_modules\yarn\lib\cli.js:141862:10)
      at Request.emit (node:events:513:28)
      at IncomingMessage.<anonymous> (C:\Users\MyPC\AppData\Roaming\npm\node_modules\yarn\lib\cli.js:141784:12)
      at Object.onceWrapper (node:events:627:28)
      at IncomingMessage.emit (node:events:525:35)
      at endReadableNT (node:internal/streams/readable:1359:12)
      at process.processTicksAndRejections (node:internal/process/task_queues:82:21)

npm manifest: 
  {
    "name": "w_02",
    "version": "1.0.0",
    "main": "index.js",
    "license": "MIT"
  }

yarn manifest: 
  No manifest

Lockfile: 
  No lockfile
